<?xml version="1.0" encoding="UTF-8" ?>
<testsuite failures="0" time="0.298" errors="0" skipped="0" tests="4" name="com.lifetech.hadoop.bioseq.mapreduce.input.TestFastRecordReader">
  <properties>
[...]
</properties>
  <testcase time="0.063" classname="com.lifetech.hadoop.bioseq.mapreduce.input.TestFastRecordReader" name="testCreation"/>
  <testcase time="0.05" classname="com.lifetech.hadoop.bioseq.mapreduce.input.TestFastRecordReader" name="testWholeFile_testFirst"/>
  <testcase time="0.085" classname="com.lifetech.hadoop.bioseq.mapreduce.input.TestFastRecordReader" name="testWholeFile_testLast"/>
  <testcase time="0.094" classname="com.lifetech.hadoop.bioseq.mapreduce.input.TestFastRecordReader" name="testSplitFile"/>
</testsuite>